android/app/build/intermediates/manifest_merge_blame_file/debug/processDebugMainManifest/manifest-merger-blame-debug-report.txt
1<?xml version="1.0" encoding="utf-8"?>
2<manifest xmlns:android="http://schemas.android.com/apk/res/android"
3    package="com.trackdebt.app"
4    android:versionCode="1"
5    android:versionName="1.0.0" >
6
7    <uses-sdk
8        android:minSdkVersion="24"
9        android:targetSdkVersion="35" />
10
11    <uses-permission android:name="android.permission.INTERNET" />
11-->src\main\AndroidManifest.xml:5:5-67
11-->src\main\AndroidManifest.xml:5:22-64
12    <uses-permission android:name="android.permission.POST_NOTIFICATIONS" />
12-->src\main\AndroidManifest.xml:6:5-77
12-->src\main\AndroidManifest.xml:6:22-74
13    <uses-permission android:name="android.permission.RECEIVE_BOOT_COMPLETED" />
13-->[:capacitor-local-notifications] AndroidManifest.xml:7:5-81
13-->[:capacitor-local-notifications] AndroidManifest.xml:7:22-78
14    <uses-permission android:name="android.permission.WAKE_LOCK" />
14-->[:capacitor-local-notifications] AndroidManifest.xml:8:5-68
14-->[:capacitor-local-notifications] AndroidManifest.xml:8:22-65
15    <uses-permission android:name="android.permission.SCHEDULE_EXACT_ALARM" />
15-->[:capacitor-local-notifications] AndroidManifest.xml:10:5-79
15-->[:capacitor-local-notifications] AndroidManifest.xml:10:22-76
16
17    <permission
17-->[androidx.core:core:1.15.0] AndroidManifest.xml:22:5-24:47
18        android:name="com.trackdebt.app.DYNAMIC_RECEIVER_NOT_EXPORTED_PERMISSION"
18-->[androidx.core:core:1.15.0] AndroidManifest.xml:23:9-81
19        android:protectionLevel="signature" />
19-->[androidx.core:core:1.15.0] AndroidManifest.xml:24:9-44
20
21    <uses-permission android:name="com.trackdebt.app.DYNAMIC_RECEIVER_NOT_EXPORTED_PERMISSION" />
21-->[androidx.core:core:1.15.0] AndroidManifest.xml:26:5-97
21-->[androidx.core:core:1.15.0] AndroidManifest.xml:26:22-94
22
23    <application
23-->src\main\AndroidManifest.xml:8:5-56:19
24        android:allowBackup="true"
24-->src\main\AndroidManifest.xml:9:9-35
25        android:appComponentFactory="androidx.core.app.CoreComponentFactory"
25-->[androidx.core:core:1.15.0] AndroidManifest.xml:28:18-86
26        android:debuggable="true"
27        android:extractNativeLibs="false"
28        android:hardwareAccelerated="true"
28-->src\main\AndroidManifest.xml:15:9-43
29        android:icon="@drawable/ic_splash_logo"
29-->src\main\AndroidManifest.xml:10:9-48
30        android:label="@string/app_name"
30-->src\main\AndroidManifest.xml:11:9-41
31        android:roundIcon="@drawable/ic_splash_logo"
31-->src\main\AndroidManifest.xml:12:9-53
32        android:supportsRtl="true"
32-->src\main\AndroidManifest.xml:13:9-35
33        android:testOnly="true"
34        android:theme="@style/AppTheme" >
34-->src\main\AndroidManifest.xml:14:9-40
35        <provider
36            android:name="androidx.startup.InitializationProvider"
36-->src\main\AndroidManifest.xml:18:13-67
37            android:authorities="com.trackdebt.app.androidx-startup"
37-->src\main\AndroidManifest.xml:19:13-68
38            android:exported="false" >
38-->src\main\AndroidManifest.xml:20:13-37
39            <meta-data
39-->[androidx.lifecycle:lifecycle-process:2.6.2] AndroidManifest.xml:29:13-31:52
40                android:name="androidx.lifecycle.ProcessLifecycleInitializer"
40-->[androidx.lifecycle:lifecycle-process:2.6.2] AndroidManifest.xml:30:17-78
41                android:value="androidx.startup" />
41-->[androidx.lifecycle:lifecycle-process:2.6.2] AndroidManifest.xml:31:17-49
42            <meta-data
42-->[androidx.profileinstaller:profileinstaller:1.3.1] AndroidManifest.xml:29:13-31:52
43                android:name="androidx.profileinstaller.ProfileInstallerInitializer"
43-->[androidx.profileinstaller:profileinstaller:1.3.1] AndroidManifest.xml:30:17-85
44                android:value="androidx.startup" />
44-->[androidx.profileinstaller:profileinstaller:1.3.1] AndroidManifest.xml:31:17-49
45        </provider>
46
47        <activity
47-->src\main\AndroidManifest.xml:28:9-43:20
48            android:name="com.trackdebt.app.MainActivity"
48-->src\main\AndroidManifest.xml:30:13-41
49            android:configChanges="orientation|keyboardHidden|keyboard|screenSize|locale|smallestScreenSize|screenLayout|uiMode|navigation|density"
49-->src\main\AndroidManifest.xml:29:13-148
50            android:exported="true"
50-->src\main\AndroidManifest.xml:35:13-36
51            android:hardwareAccelerated="true"
51-->src\main\AndroidManifest.xml:36:13-47
52            android:label="@string/title_activity_main"
52-->src\main\AndroidManifest.xml:31:13-56
53            android:launchMode="singleTask"
53-->src\main\AndroidManifest.xml:33:13-44
54            android:theme="@style/AppTheme.NoActionBarLaunch"
54-->src\main\AndroidManifest.xml:32:13-62
55            android:windowSoftInputMode="adjustNothing" >
55-->src\main\AndroidManifest.xml:34:13-56
56            <intent-filter>
56-->src\main\AndroidManifest.xml:38:13-41:29
57                <action android:name="android.intent.action.MAIN" />
57-->src\main\AndroidManifest.xml:39:17-69
57-->src\main\AndroidManifest.xml:39:25-66
58
59                <category android:name="android.intent.category.LAUNCHER" />
59-->src\main\AndroidManifest.xml:40:17-77
59-->src\main\AndroidManifest.xml:40:27-74
60            </intent-filter>
61        </activity>
62
63        <provider
64            android:name="androidx.core.content.FileProvider"
64-->src\main\AndroidManifest.xml:46:13-62
65            android:authorities="com.trackdebt.app.fileprovider"
65-->src\main\AndroidManifest.xml:47:13-64
66            android:exported="false"
66-->src\main\AndroidManifest.xml:48:13-37
67            android:grantUriPermissions="true" >
67-->src\main\AndroidManifest.xml:49:13-47
68            <meta-data
68-->src\main\AndroidManifest.xml:50:13-54:25
69                android:name="android.support.FILE_PROVIDER_PATHS"
69-->src\main\AndroidManifest.xml:51:17-67
70                android:resource="@xml/file_paths" >
70-->src\main\AndroidManifest.xml:52:17-51
71            </meta-data>
72        </provider>
73
74        <receiver android:name="com.capacitorjs.plugins.localnotifications.TimedNotificationPublisher" />
74-->[:capacitor-local-notifications] AndroidManifest.xml:13:9-106
74-->[:capacitor-local-notifications] AndroidManifest.xml:13:19-103
75        <receiver android:name="com.capacitorjs.plugins.localnotifications.NotificationDismissReceiver" />
75-->[:capacitor-local-notifications] AndroidManifest.xml:14:9-107
75-->[:capacitor-local-notifications] AndroidManifest.xml:14:19-104
76        <receiver
76-->[:capacitor-local-notifications] AndroidManifest.xml:15:9-24:20
77            android:name="com.capacitorjs.plugins.localnotifications.LocalNotificationRestoreReceiver"
77-->[:capacitor-local-notifications] AndroidManifest.xml:16:13-103
78            android:directBootAware="true"
78-->[:capacitor-local-notifications] AndroidManifest.xml:17:13-43
79            android:exported="false" >
79-->[:capacitor-local-notifications] AndroidManifest.xml:18:13-37
80            <intent-filter>
80-->[:capacitor-local-notifications] AndroidManifest.xml:19:13-23:29
81                <action android:name="android.intent.action.LOCKED_BOOT_COMPLETED" />
81-->[:capacitor-local-notifications] AndroidManifest.xml:20:17-86
81-->[:capacitor-local-notifications] AndroidManifest.xml:20:25-83
82                <action android:name="android.intent.action.BOOT_COMPLETED" />
82-->[:capacitor-local-notifications] AndroidManifest.xml:21:17-79
82-->[:capacitor-local-notifications] AndroidManifest.xml:21:25-76
83                <action android:name="android.intent.action.QUICKBOOT_POWERON" />
83-->[:capacitor-local-notifications] AndroidManifest.xml:22:17-82
83-->[:capacitor-local-notifications] AndroidManifest.xml:22:25-79
84            </intent-filter>
85        </receiver>
86
87        <provider
87-->[:capacitor-local-notifications] AndroidManifest.xml:26:9-34:20
88            android:name="com.capacitorjs.plugins.localnotifications.LocalNotificationsAssetProvider"
88-->[:capacitor-local-notifications] AndroidManifest.xml:27:13-102
89            android:authorities="com.trackdebt.app.localnotifications.fileprovider"
89-->[:capacitor-local-notifications] AndroidManifest.xml:28:13-83
90            android:exported="false"
90-->[:capacitor-local-notifications] AndroidManifest.xml:29:13-37
91            android:grantUriPermissions="true" >
91-->[:capacitor-local-notifications] AndroidManifest.xml:30:13-47
92            <meta-data
92-->src\main\AndroidManifest.xml:50:13-54:25
93                android:name="android.support.FILE_PROVIDER_PATHS"
93-->src\main\AndroidManifest.xml:51:17-67
94                android:resource="@xml/localnotifications_provider_paths" />
94-->src\main\AndroidManifest.xml:52:17-51
95        </provider>
96
97        <receiver
97-->[androidx.profileinstaller:profileinstaller:1.3.1] AndroidManifest.xml:34:9-52:20
98            android:name="androidx.profileinstaller.ProfileInstallReceiver"
98-->[androidx.profileinstaller:profileinstaller:1.3.1] AndroidManifest.xml:35:13-76
99            android:directBootAware="false"
99-->[androidx.profileinstaller:profileinstaller:1.3.1] AndroidManifest.xml:36:13-44
100            android:enabled="true"
100-->[androidx.profileinstaller:profileinstaller:1.3.1] AndroidManifest.xml:37:13-35
101            android:exported="true"
101-->[androidx.profileinstaller:profileinstaller:1.3.1] AndroidManifest.xml:38:13-36
102            android:permission="android.permission.DUMP" >
102-->[androidx.profileinstaller:profileinstaller:1.3.1] AndroidManifest.xml:39:13-57
103            <intent-filter>
103-->[androidx.profileinstaller:profileinstaller:1.3.1] AndroidManifest.xml:40:13-42:29
104                <action android:name="androidx.profileinstaller.action.INSTALL_PROFILE" />
104-->[androidx.profileinstaller:profileinstaller:1.3.1] AndroidManifest.xml:41:17-91
104-->[androidx.profileinstaller:profileinstaller:1.3.1] AndroidManifest.xml:41:25-88
105            </intent-filter>
106            <intent-filter>
106-->[androidx.profileinstaller:profileinstaller:1.3.1] AndroidManifest.xml:43:13-45:29
107                <action android:name="androidx.profileinstaller.action.SKIP_FILE" />
107-->[androidx.profileinstaller:profileinstaller:1.3.1] AndroidManifest.xml:44:17-85
107-->[androidx.profileinstaller:profileinstaller:1.3.1] AndroidManifest.xml:44:25-82
108            </intent-filter>
109            <intent-filter>
109-->[androidx.profileinstaller:profileinstaller:1.3.1] AndroidManifest.xml:46:13-48:29
110                <action android:name="androidx.profileinstaller.action.SAVE_PROFILE" />
110-->[androidx.profileinstaller:profileinstaller:1.3.1] AndroidManifest.xml:47:17-88
110-->[androidx.profileinstaller:profileinstaller:1.3.1] AndroidManifest.xml:47:25-85
111            </intent-filter>
112            <intent-filter>
112-->[androidx.profileinstaller:profileinstaller:1.3.1] AndroidManifest.xml:49:13-51:29
113                <action android:name="androidx.profileinstaller.action.BENCHMARK_OPERATION" />
113-->[androidx.profileinstaller:profileinstaller:1.3.1] AndroidManifest.xml:50:17-95
113-->[androidx.profileinstaller:profileinstaller:1.3.1] AndroidManifest.xml:50:25-92
114            </intent-filter>
115        </receiver>
116    </application>
117
118</manifest>